# JRE version: OpenJDK Runtime Environment Temurin-17.0.9+9 (17.0.9+9) (build 17.0.9+9)
# Java VM: OpenJDK 64-Bit Server VM Temurin-17.0.9+9 (17.0.9+9, mixed mode, emulated-client, tiered, compressed oops, compressed class ptrs, g1 gc, windows-amd64)
GC Precious Log:
 CPUs: 12 total, 12 available
 Memory: 7521M
 Large Page Support: Disabled
 NUMA Support: Disabled
 Compressed Oops: Enabled (32-bit)
 Heap Region Size: 1M
 Heap Min Capacity: 8M
 Heap Initial Capacity: 118M
 Heap Max Capacity: 1G
 Pre-touch: Disabled
 Parallel Workers: 10
 Concurrent Workers: 3
 Concurrent Refinement Workers: 10
 Periodic GC: Disabled
Heap:
 garbage-first heap   total 82944K, used 27266K [0x00000000c0000000, 0x0000000100000000)
  region size 1024K, 1 young (1024K), 0 survivors (0K)
 Metaspace       used 58793K, committed 59456K, reserved 1114112K
  class space    used 6990K, committed 7232K, reserved 1048576K
GC Heap History (20 events):
Event: 2468.876 GC heap before
{Heap before GC invocations=242 (full 229):
 garbage-first heap   total 82944K, used 27266K [0x00000000c0000000, 0x0000000100000000)
  region size 1024K, 1 young (1024K), 0 survivors (0K)
 Metaspace       used 58793K, committed 59456K, reserved 1114112K
  class space    used 6990K, committed 7232K, reserved 1048576K
}
Event: 2468.894 GC heap after
{Heap after GC invocations=243 (full 230):
 garbage-first heap   total 82944K, used 27266K [0x00000000c0000000, 0x0000000100000000)
  region size 1024K, 0 young (0K), 0 survivors (0K)
 Metaspace       used 58793K, committed 59456K, reserved 1114112K
  class space    used 6990K, committed 7232K, reserved 1048576K
}
Event: 2479.013 GC heap before
{Heap before GC invocations=243 (full 230):
 garbage-first heap   total 82944K, used 27266K [0x00000000c0000000, 0x0000000100000000)
  region size 1024K, 1 young (1024K), 0 survivors (0K)
 Metaspace       used 58793K, committed 59456K, reserved 1114112K
  class space    used 6990K, committed 7232K, reserved 1048576K
}
Event: 2479.031 GC heap after
{Heap after GC invocations=244 (full 231):
 garbage-first heap   total 82944K, used 27266K [0x00000000c0000000, 0x0000000100000000)
  region size 1024K, 0 young (0K), 0 survivors (0K)
 Metaspace       used 58793K, committed 59456K, reserved 1114112K
  class space    used 6990K, committed 7232K, reserved 1048576K
}
Event: 2489.135 GC heap before
{Heap before GC invocations=244 (full 231):
 garbage-first heap   total 82944K, used 27266K [0x00000000c0000000, 0x0000000100000000)
  region size 1024K, 1 young (1024K), 0 survivors (0K)
 Metaspace       used 58793K, committed 59456K, reserved 1114112K
  class space    used 6990K, committed 7232K, reserved 1048576K
}
Event: 2489.152 GC heap after
{Heap after GC invocations=245 (full 232):
 garbage-first heap   total 82944K, used 27266K [0x00000000c0000000, 0x0000000100000000)
  region size 1024K, 0 young (0K), 0 survivors (0K)
 Metaspace       used 58793K, committed 59456K, reserved 1114112K
  class space    used 6990K, committed 7232K, reserved 1048576K
}
Event: 2499.251 GC heap before
{Heap before GC invocations=245 (full 232):
 garbage-first heap   total 82944K, used 27266K [0x00000000c0000000, 0x0000000100000000)
  region size 1024K, 1 young (1024K), 0 survivors (0K)
 Metaspace       used 58793K, committed 59456K, reserved 1114112K
  class space    used 6990K, committed 7232K, reserved 1048576K
}
Event: 2499.269 GC heap after
{Heap after GC invocations=246 (full 233):
 garbage-first heap   total 82944K, used 27266K [0x00000000c0000000, 0x0000000100000000)
  region size 1024K, 0 young (0K), 0 survivors (0K)
 Metaspace       used 58793K, committed 59456K, reserved 1114112K
  class space    used 6990K, committed 7232K, reserved 1048576K
}
Event: 2509.357 GC heap before
{Heap before GC invocations=246 (full 233):
 garbage-first heap   total 82944K, used 27266K [0x00000000c0000000, 0x0000000100000000)
  region size 1024K, 1 young (1024K), 0 survivors (0K)
 Metaspace       used 58793K, committed 59456K, reserved 1114112K
  class space    used 6990K, committed 7232K, reserved 1048576K
}
Event: 2509.375 GC heap after
{Heap after GC invocations=247 (full 234):
 garbage-first heap   total 82944K, used 27266K [0x00000000c0000000, 0x0000000100000000)
  region size 1024K, 0 young (0K), 0 survivors (0K)
 Metaspace       used 58793K, committed 59456K, reserved 1114112K
  class space    used 6990K, committed 7232K, reserved 1048576K
}
Event: 2519.466 GC heap before
{Heap before GC invocations=247 (full 234):
 garbage-first heap   total 82944K, used 27266K [0x00000000c0000000, 0x0000000100000000)
  region size 1024K, 1 young (1024K), 0 survivors (0K)
 Metaspace       used 58793K, committed 59456K, reserved 1114112K
  class space    used 6990K, committed 7232K, reserved 1048576K
}
Event: 2519.488 GC heap after
{Heap after GC invocations=248 (full 235):
 garbage-first heap   total 82944K, used 27266K [0x00000000c0000000, 0x0000000100000000)
  region size 1024K, 0 young (0K), 0 survivors (0K)
 Metaspace       used 58793K, committed 59456K, reserved 1114112K
  class space    used 6990K, committed 7232K, reserved 1048576K
}
Event: 2529.609 GC heap before
{Heap before GC invocations=248 (full 235):
 garbage-first heap   total 82944K, used 27266K [0x00000000c0000000, 0x0000000100000000)
  region size 1024K, 1 young (1024K), 0 survivors (0K)
 Metaspace       used 58793K, committed 59456K, reserved 1114112K
  class space    used 6990K, committed 7232K, reserved 1048576K
}
Event: 2529.637 GC heap after
{Heap after GC invocations=249 (full 236):
 garbage-first heap   total 82944K, used 27266K [0x00000000c0000000, 0x0000000100000000)
  region size 1024K, 0 young (0K), 0 survivors (0K)
 Metaspace       used 58793K, committed 59456K, reserved 1114112K
  class space    used 6990K, committed 7232K, reserved 1048576K
}
Event: 2539.725 GC heap before
{Heap before GC invocations=249 (full 236):
 garbage-first heap   total 82944K, used 27266K [0x00000000c0000000, 0x0000000100000000)
  region size 1024K, 1 young (1024K), 0 survivors (0K)
 Metaspace       used 58793K, committed 59456K, reserved 1114112K
  class space    used 6990K, committed 7232K, reserved 1048576K
}
Event: 2539.744 GC heap after
{Heap after GC invocations=250 (full 237):
 garbage-first heap   total 82944K, used 27266K [0x00000000c0000000, 0x0000000100000000)
  region size 1024K, 0 young (0K), 0 survivors (0K)
 Metaspace       used 58793K, committed 59456K, reserved 1114112K
  class space    used 6990K, committed 7232K, reserved 1048576K
}
Event: 2549.831 GC heap before
{Heap before GC invocations=250 (full 237):
 garbage-first heap   total 82944K, used 27266K [0x00000000c0000000, 0x0000000100000000)
  region size 1024K, 1 young (1024K), 0 survivors (0K)
 Metaspace       used 58793K, committed 59456K, reserved 1114112K
  class space    used 6990K, committed 7232K, reserved 1048576K
}
Event: 2549.849 GC heap after
{Heap after GC invocations=251 (full 238):
 garbage-first heap   total 82944K, used 27266K [0x00000000c0000000, 0x0000000100000000)
  region size 1024K, 0 young (0K), 0 survivors (0K)
 Metaspace       used 58793K, committed 59456K, reserved 1114112K
  class space    used 6990K, committed 7232K, reserved 1048576K
}
Event: 2559.941 GC heap before
{Heap before GC invocations=251 (full 238):
 garbage-first heap   total 82944K, used 27266K [0x00000000c0000000, 0x0000000100000000)
  region size 1024K, 1 young (1024K), 0 survivors (0K)
 Metaspace       used 58793K, committed 59456K, reserved 1114112K
  class space    used 6990K, committed 7232K, reserved 1048576K
}
Event: 2559.958 GC heap after
{Heap after GC invocations=252 (full 239):
 garbage-first heap   total 82944K, used 27266K [0x00000000c0000000, 0x0000000100000000)
  region size 1024K, 0 young (0K), 0 survivors (0K)
 Metaspace       used 58793K, committed 59456K, reserved 1114112K
  class space    used 6990K, committed 7232K, reserved 1048576K
}

